android/app/build/intermediates/manifest_merge_blame_file/debug/manifest-merger-blame-debug-report.txt
1<?xml version="1.0" encoding="utf-8"?>
2<manifest xmlns:android="http://schemas.android.com/apk/res/android"
3    package="com.websurfing"
4    android:versionCode="1"
5    android:versionName="1.0" >
6
7    <uses-sdk
8        android:minSdkVersion="21"
9        android:targetSdkVersion="33" />
10
11    <uses-permission android:name="android.permission.SYSTEM_ALERT_WINDOW" />
11-->src/debug/AndroidManifest.xml:5:5-77
11-->src/debug/AndroidManifest.xml:5:22-75
12    <uses-permission android:name="android.permission.INTERNET" />
12-->src/main/AndroidManifest.xml:3:5-67
12-->src/main/AndroidManifest.xml:3:22-64
13    <uses-permission android:name="android.permission.ACCESS_WIFI_STATE" />
13-->[com.facebook.flipper:flipper:0.182.0] AndroidManifest.xml:16:5-76
13-->[com.facebook.flipper:flipper:0.182.0] AndroidManifest.xml:16:22-73
14
15    <application
15-->src/main/AndroidManifest.xml:5:5-24:19
16        android:name="com.websurfing.MainApplication"
16-->src/main/AndroidManifest.xml:6:7-38
17        android:allowBackup="false"
17-->src/main/AndroidManifest.xml:10:7-34
18        android:appComponentFactory="androidx.core.app.CoreComponentFactory"
18-->[androidx.core:core:1.7.0] AndroidManifest.xml:24:18-86
19        android:debuggable="true"
20        android:icon="@mipmap/ic_launcher"
20-->src/main/AndroidManifest.xml:8:7-41
21        android:label="@string/app_name"
21-->src/main/AndroidManifest.xml:7:7-39
22        android:roundIcon="@mipmap/ic_launcher_round"
22-->src/main/AndroidManifest.xml:9:7-52
23        android:theme="@style/AppTheme"
23-->src/main/AndroidManifest.xml:11:7-38
24        android:usesCleartextTraffic="true" >
24-->src/debug/AndroidManifest.xml:8:9-44
25        <activity
25-->src/debug/AndroidManifest.xml:11:9-111
26            android:name="com.facebook.react.devsupport.DevSettingsActivity"
26-->src/debug/AndroidManifest.xml:11:19-83
27            android:exported="false" />
27-->src/debug/AndroidManifest.xml:11:84-108
28        <activity
28-->src/main/AndroidManifest.xml:12:7-23:18
29            android:name="com.websurfing.MainActivity"
29-->src/main/AndroidManifest.xml:13:9-37
30            android:configChanges="keyboard|keyboardHidden|orientation|screenLayout|screenSize|smallestScreenSize|uiMode"
30-->src/main/AndroidManifest.xml:15:9-118
31            android:exported="true"
31-->src/main/AndroidManifest.xml:18:9-32
32            android:label="@string/app_name"
32-->src/main/AndroidManifest.xml:14:9-41
33            android:launchMode="singleTask"
33-->src/main/AndroidManifest.xml:16:9-40
34            android:windowSoftInputMode="adjustResize" >
34-->src/main/AndroidManifest.xml:17:9-51
35            <intent-filter>
35-->src/main/AndroidManifest.xml:19:9-22:25
36                <action android:name="android.intent.action.MAIN" />
36-->src/main/AndroidManifest.xml:20:13-65
36-->src/main/AndroidManifest.xml:20:21-62
37
38                <category android:name="android.intent.category.LAUNCHER" />
38-->src/main/AndroidManifest.xml:21:13-73
38-->src/main/AndroidManifest.xml:21:23-70
39            </intent-filter>
40        </activity>
41
42        <meta-data
42-->[com.facebook.soloader:soloader:0.10.5] AndroidManifest.xml:12:9-14:37
43            android:name="com.facebook.soloader.enabled"
43-->[com.facebook.soloader:soloader:0.10.5] AndroidManifest.xml:13:13-57
44            android:value="false" />
44-->[com.facebook.soloader:soloader:0.10.5] AndroidManifest.xml:14:13-34
45
46        <activity
46-->[com.google.android.gms:play-services-auth:16.0.1] AndroidManifest.xml:23:9-27:75
47            android:name="com.google.android.gms.auth.api.signin.internal.SignInHubActivity"
47-->[com.google.android.gms:play-services-auth:16.0.1] AndroidManifest.xml:24:13-93
48            android:excludeFromRecents="true"
48-->[com.google.android.gms:play-services-auth:16.0.1] AndroidManifest.xml:25:13-46
49            android:exported="false"
49-->[com.google.android.gms:play-services-auth:16.0.1] AndroidManifest.xml:26:13-37
50            android:theme="@android:style/Theme.Translucent.NoTitleBar" />
50-->[com.google.android.gms:play-services-auth:16.0.1] AndroidManifest.xml:27:13-72
51        <!--
52            Service handling Google Sign-In user revocation. For apps that do not integrate with
53            Google Sign-In, this service will never be started.
54        -->
55        <service
55-->[com.google.android.gms:play-services-auth:16.0.1] AndroidManifest.xml:33:9-36:110
56            android:name="com.google.android.gms.auth.api.signin.RevocationBoundService"
56-->[com.google.android.gms:play-services-auth:16.0.1] AndroidManifest.xml:34:13-89
57            android:exported="true"
57-->[com.google.android.gms:play-services-auth:16.0.1] AndroidManifest.xml:35:13-36
58            android:permission="com.google.android.gms.auth.api.signin.permission.REVOCATION_NOTIFICATION" />
58-->[com.google.android.gms:play-services-auth:16.0.1] AndroidManifest.xml:36:13-107
59
60        <activity
60-->[com.google.android.gms:play-services-base:16.0.1] AndroidManifest.xml:23:9-26:75
61            android:name="com.google.android.gms.common.api.GoogleApiActivity"
61-->[com.google.android.gms:play-services-base:16.0.1] AndroidManifest.xml:24:13-79
62            android:exported="false"
62-->[com.google.android.gms:play-services-base:16.0.1] AndroidManifest.xml:25:13-37
63            android:theme="@android:style/Theme.Translucent.NoTitleBar" />
63-->[com.google.android.gms:play-services-base:16.0.1] AndroidManifest.xml:26:13-72
64
65        <meta-data
65-->[com.google.android.gms:play-services-basement:16.0.1] AndroidManifest.xml:23:9-25:69
66            android:name="com.google.android.gms.version"
66-->[com.google.android.gms:play-services-basement:16.0.1] AndroidManifest.xml:24:13-58
67            android:value="@integer/google_play_services_version" />
67-->[com.google.android.gms:play-services-basement:16.0.1] AndroidManifest.xml:25:13-66
68
69        <provider
69-->[androidx.emoji2:emoji2:1.0.0] AndroidManifest.xml:26:9-34:20
70            android:name="androidx.startup.InitializationProvider"
70-->[androidx.emoji2:emoji2:1.0.0] AndroidManifest.xml:27:13-67
71            android:authorities="com.websurfing.androidx-startup"
71-->[androidx.emoji2:emoji2:1.0.0] AndroidManifest.xml:28:13-68
72            android:exported="false" >
72-->[androidx.emoji2:emoji2:1.0.0] AndroidManifest.xml:29:13-37
73            <meta-data
73-->[androidx.emoji2:emoji2:1.0.0] AndroidManifest.xml:31:13-33:52
74                android:name="androidx.emoji2.text.EmojiCompatInitializer"
74-->[androidx.emoji2:emoji2:1.0.0] AndroidManifest.xml:32:17-75
75                android:value="androidx.startup" />
75-->[androidx.emoji2:emoji2:1.0.0] AndroidManifest.xml:33:17-49
76            <meta-data
76-->[androidx.lifecycle:lifecycle-process:2.4.0] AndroidManifest.xml:31:13-33:52
77                android:name="androidx.lifecycle.ProcessLifecycleInitializer"
77-->[androidx.lifecycle:lifecycle-process:2.4.0] AndroidManifest.xml:32:17-78
78                android:value="androidx.startup" />
78-->[androidx.lifecycle:lifecycle-process:2.4.0] AndroidManifest.xml:33:17-49
79        </provider>
80    </application>
81
82</manifest>